1618326073740595500 [Info] Connected to Postgres DB successfully
1618326073742595400 [Info] Server running on port5379
1618326073805599100 [Info] connecting to websocket
1618326073811599800 [Info] {postit eyJhbGciOiJIUzUxMiIsInR5cCI6IkpXVCJ9.eyJqdGkiOiI4NjIyOWU3ZS0wZjc4LTQ4NjAtYTRmMy1hZjdhN2M5NWRlZjMiLCJhdWQiOlsicG9zdGl0LWF1ZGllbmNlIiwicG9zdGl0Il0sImlzcyI6IlBPU1RJVCIsInN1YiI6IlVzZXIgTG9naW4gQXV0aGVudGljYXRpb24iLCJleHAiOjE2MTY3NzcyNzgsImlhdCI6MTYxNjc3NjA3OH0.Sp-nZsvTWs5MimZup5LzW5OGzSibRC7kdm5m-z-mch7quWV6-T2c7OyTa_SQiukpd_kNf9WP2oEeYUoEFQaWyg}
1618326073811599800 [Info] eyJhbGciOiJIUzUxMiIsInR5cCI6IkpXVCJ9.eyJqdGkiOiI4NjIyOWU3ZS0wZjc4LTQ4NjAtYTRmMy1hZjdhN2M5NWRlZjMiLCJhdWQiOlsicG9zdGl0LWF1ZGllbmNlIiwicG9zdGl0Il0sImlzcyI6IlBPU1RJVCIsInN1YiI6IlVzZXIgTG9naW4gQXV0aGVudGljYXRpb24iLCJleHAiOjE2MTY3NzcyNzgsImlhdCI6MTYxNjc3NjA3OH0.Sp-nZsvTWs5MimZup5LzW5OGzSibRC7kdm5m-z-mch7quWV6-T2c7OyTa_SQiukpd_kNf9WP2oEeYUoEFQaWyg
1618326073811599800 [Info] postit
1618326073812599300 [Info] Token expired! getting a new one....
1618326073839600800 [Info] refresh-token: eyJhbGciOiJIUzUxMiIsInR5cCI6IkpXVCJ9.eyJhdWQiOlsicG9zdGl0LWF1ZGllbmNlIiwicG9zdGl0Il0sImV4cCI6MTYxODMyNzI3MywianRpIjoiY2JhMmM2NzUtODU2Ni00ODcwLThmYmMtYWJiMDNiMjhkZDA3IiwiaWF0IjoxNjE4MzI2MDczLCJpc3MiOiJQb3N0SXQiLCJzdWIiOiJVc2VyIHJlZnJlc2ggdG9rZW4ifQ.<signature>
1618326073839600800 [Info] connection upgraded
1618326078943516000 [Info] Updating status: 2021-04-13 15:01:18.943516 +0000 GMT m=+5.302927201
1618326084061016800 [Info] Updating status: 2021-04-13 15:01:24.0610168 +0000 GMT m=+10.420428001
1618326088840629700 [Info] Updating status: 2021-04-13 15:01:28.8406297 +0000 GMT m=+15.200041001
1618326093865493200 [Info] Updating status: 2021-04-13 15:01:33.8654932 +0000 GMT m=+20.224904401
1618326101128135100 [Info] connecting to websocket
1618326101146136400 [Info] {postit eyJhbGciOiJIUzUxMiIsInR5cCI6IkpXVCJ9.eyJqdGkiOiI4NjIyOWU3ZS0wZjc4LTQ4NjAtYTRmMy1hZjdhN2M5NWRlZjMiLCJhdWQiOlsicG9zdGl0LWF1ZGllbmNlIiwicG9zdGl0Il0sImlzcyI6IlBPU1RJVCIsInN1YiI6IlVzZXIgTG9naW4gQXV0aGVudGljYXRpb24iLCJleHAiOjE2MTY3NzcyNzgsImlhdCI6MTYxNjc3NjA3OH0.Sp-nZsvTWs5MimZup5LzW5OGzSibRC7kdm5m-z-mch7quWV6-T2c7OyTa_SQiukpd_kNf9WP2oEeYUoEFQaWyg}
1618326101147135900 [Info] eyJhbGciOiJIUzUxMiIsInR5cCI6IkpXVCJ9.eyJqdGkiOiI4NjIyOWU3ZS0wZjc4LTQ4NjAtYTRmMy1hZjdhN2M5NWRlZjMiLCJhdWQiOlsicG9zdGl0LWF1ZGllbmNlIiwicG9zdGl0Il0sImlzcyI6IlBPU1RJVCIsInN1YiI6IlVzZXIgTG9naW4gQXV0aGVudGljYXRpb24iLCJleHAiOjE2MTY3NzcyNzgsImlhdCI6MTYxNjc3NjA3OH0.Sp-nZsvTWs5MimZup5LzW5OGzSibRC7kdm5m-z-mch7quWV6-T2c7OyTa_SQiukpd_kNf9WP2oEeYUoEFQaWyg
1618326101150136800 [Info] postit
1618326101151136700 [Info] Token expired! getting a new one....
1618326101182138600 [Info] refresh-token: eyJhbGciOiJIUzUxMiIsInR5cCI6IkpXVCJ9.eyJhdWQiOlsicG9zdGl0LWF1ZGllbmNlIiwicG9zdGl0Il0sImV4cCI6MTYxODMyNzMwMSwianRpIjoiMWVlZTIyZmQtNDJlZC00YWQ2LWJmYjgtODM0MDcwNTRkZjg3IiwiaWF0IjoxNjE4MzI2MTAxLCJpc3MiOiJQb3N0SXQiLCJzdWIiOiJVc2VyIHJlZnJlc2ggdG9rZW4ifQ.<signature>
1618326101182138600 [Info] connection upgraded
1618326106184124100 [Info] Updating status: 2021-04-13 15:01:46.1841241 +0000 GMT m=+32.543535301
1618326111221298800 [Info] Updating status: 2021-04-13 15:01:51.2212988 +0000 GMT m=+37.580710101
1618326116184538000 [Info] Updating status: 2021-04-13 15:01:56.184538 +0000 GMT m=+42.543949201
1618326120871884500 [Info] connecting to websocket
1618326121059892700 [Info] {postit eyJhbGciOiJIUzUxMiIsInR5cCI6IkpXVCJ9.eyJqdGkiOiI4NjIyOWU3ZS0wZjc4LTQ4NjAtYTRmMy1hZjdhN2M5NWRlZjMiLCJhdWQiOlsicG9zdGl0LWF1ZGllbmNlIiwicG9zdGl0Il0sImlzcyI6IlBPU1RJVCIsInN1YiI6IlVzZXIgTG9naW4gQXV0aGVudGljYXRpb24iLCJleHAiOjE2MTY3NzcyNzgsImlhdCI6MTYxNjc3NjA3OH0.Sp-nZsvTWs5MimZup5LzW5OGzSibRC7kdm5m-z-mch7quWV6-T2c7OyTa_SQiukpd_kNf9WP2oEeYUoEFQaWyg}
1618326121059892700 [Info] eyJhbGciOiJIUzUxMiIsInR5cCI6IkpXVCJ9.eyJqdGkiOiI4NjIyOWU3ZS0wZjc4LTQ4NjAtYTRmMy1hZjdhN2M5NWRlZjMiLCJhdWQiOlsicG9zdGl0LWF1ZGllbmNlIiwicG9zdGl0Il0sImlzcyI6IlBPU1RJVCIsInN1YiI6IlVzZXIgTG9naW4gQXV0aGVudGljYXRpb24iLCJleHAiOjE2MTY3NzcyNzgsImlhdCI6MTYxNjc3NjA3OH0.Sp-nZsvTWs5MimZup5LzW5OGzSibRC7kdm5m-z-mch7quWV6-T2c7OyTa_SQiukpd_kNf9WP2oEeYUoEFQaWyg
1618326121061895400 [Info] postit
1618326121061895400 [Info] Token expired! getting a new one....
1618326121143898100 [Info] refresh-token: eyJhbGciOiJIUzUxMiIsInR5cCI6IkpXVCJ9.eyJhdWQiOlsicG9zdGl0LWF1ZGllbmNlIiwicG9zdGl0Il0sImV4cCI6MTYxODMyNzMyMSwianRpIjoiMThjYTM2MjctMjk5MC00MjY3LWFjN2QtNTAwOTQwYzUzZTNhIiwiaWF0IjoxNjE4MzI2MTIxLCJpc3MiOiJQb3N0SXQiLCJzdWIiOiJVc2VyIHJlZnJlc2ggdG9rZW4ifQ.<signature>
1618326121143898100 [Info] connection upgraded
1618326121184924800 [Info] Updating status: 2021-04-13 15:02:01.1849248 +0000 GMT m=+47.544336001
1618326126144979200 [Info] Updating status: 2021-04-13 15:02:06.1449792 +0000 GMT m=+52.504390401
1618326126185022300 [Info] Updating status: 2021-04-13 15:02:06.1850223 +0000 GMT m=+52.544433501
1618326131145324500 [Info] Updating status: 2021-04-13 15:02:11.1453245 +0000 GMT m=+57.504735701
1618326136144983900 [Info] Updating status: 2021-04-13 15:02:16.1449839 +0000 GMT m=+62.504395101
1618326141146973600 [Info] Updating status: 2021-04-13 15:02:21.1469736 +0000 GMT m=+67.506384801
1618326146145734700 [Info] Updating status: 2021-04-13 15:02:26.1457347 +0000 GMT m=+72.505145901
1618326151148409800 [Info] Updating status: 2021-04-13 15:02:31.1484098 +0000 GMT m=+77.507821001
1618326156168073200 [Info] Updating status: 2021-04-13 15:02:36.1680732 +0000 GMT m=+82.527484501
1618326161145802300 [Info] Updating status: 2021-04-13 15:02:41.1458023 +0000 GMT m=+87.505213601
1618326166145414600 [Info] Updating status: 2021-04-13 15:02:46.1454146 +0000 GMT m=+92.504825801
1618326171145111700 [Info] Updating status: 2021-04-13 15:02:51.1451117 +0000 GMT m=+97.504523001
1618326176146756100 [Info] Updating status: 2021-04-13 15:02:56.1467561 +0000 GMT m=+102.506167301
1618326181173651700 [Info] Updating status: 2021-04-13 15:03:01.1736517 +0000 GMT m=+107.533062901
1618326186145711800 [Info] Updating status: 2021-04-13 15:03:06.1457118 +0000 GMT m=+112.505123001
1618326191149595500 [Info] Updating status: 2021-04-13 15:03:11.1495955 +0000 GMT m=+117.509006701
1618326196145529800 [Info] Updating status: 2021-04-13 15:03:16.1455298 +0000 GMT m=+122.504941101
1618326201145347400 [Info] Updating status: 2021-04-13 15:03:21.1453474 +0000 GMT m=+127.504758601
1618326206146003000 [Info] Updating status: 2021-04-13 15:03:26.146003 +0000 GMT m=+132.505414201
1618326211145366000 [Info] Updating status: 2021-04-13 15:03:31.145366 +0000 GMT m=+137.504777301
1618326216145187800 [Info] Updating status: 2021-04-13 15:03:36.1451878 +0000 GMT m=+142.504599001
1618326221144946500 [Info] Updating status: 2021-04-13 15:03:41.1449465 +0000 GMT m=+147.504357801
1618326226145549900 [Info] Updating status: 2021-04-13 15:03:46.1455499 +0000 GMT m=+152.504961101
1618326227234505600 [Warn] http: Server closed
1618326227734995600 [Warn] shutting down
